
Xvnc TigerVNC 1.8.0 - built May 16 2017 14:01:59
Copyright (C) 1999-2017 TigerVNC Team and many others (see README.txt)
See http://www.tigervnc.org for information on TigerVNC.
Underlying X server release 11400000, The X.Org Foundation

Initializing built-in extension VNC-EXTENSION
Initializing built-in extension Generic Event Extension
Initializing built-in extension SHAPE
Initializing built-in extension MIT-SHM
Initializing built-in extension XInputExtension
Initializing built-in extension XTEST
Initializing built-in extension BIG-REQUESTS
Initializing built-in extension SYNC
Initializing built-in extension XKEYBOARD
Initializing built-in extension XC-MISC
Initializing built-in extension XINERAMA
Initializing built-in extension XFIXES
Initializing built-in extension RENDER
Initializing built-in extension RANDR
Initializing built-in extension COMPOSITE
Initializing built-in extension DAMAGE
Initializing built-in extension MIT-SCREEN-SAVER
Initializing built-in extension DOUBLE-BUFFER
Initializing built-in extension RECORD
Initializing built-in extension DPMS
Initializing built-in extension X-Resource
Initializing built-in extension XVideo
Initializing built-in extension XVideo-MotionCompensation
Initializing built-in extension GLX

Mon Sep 13 18:17:25 2021
 vncext:      VNC extension running!
 vncext:      Listening for VNC connections on all interface(s), port 5902
 vncext:      created VNC server for screen 0
/usr/bin/startxfce4: X server already running on display :2
gpg-agent[30214]: WARNING: "--write-env-file" is an obsolete option - it has no effect
gpg-agent[30215]: gpg-agent (GnuPG) 2.1.11 started

(xfce4-session:30191): xfce4-session-WARNING **: gpg-agent returned no PID in the variables

(xfce4-session:30191): xfce4-session-WARNING **: xfsm_manager_load_session: Something wrong with /mnt/data2/students/sub1/ddd_v1_w_MKPW_660291/asn500272_4/asn500273_1/work/.cache/sessions/xfce4-session-ip-172-31-30-50:2, Does it exist? Permissions issue?

(xfwm4:30217): xfwm4-WARNING **: Error opening /dev/dri/card0: No such file or directory

Mon Sep 13 18:17:33 2021
 Connections: accepted: 172.31.30.50::53714
 SConnection: Client needs protocol version 3.8
 SConnection: Client requests security type None(1)
 VNCSConnST:  Server default pixel format depth 24 (32bpp) little-endian rgb888
 VNCSConnST:  Client pixel format depth 24 (32bpp) little-endian rgb888
 ComparingUpdateTracker: 0 pixels in / 0 pixels out
 ComparingUpdateTracker: (1:-nan ratio)

Mon Sep 13 19:10:27 2021
 Connections: closed: 172.31.30.50::53714 (Clean disconnection)
 EncodeManager: Framebuffer updates: 44036
 EncodeManager:   CopyRect:
 EncodeManager:     Copies: 1 rects, 373.808 kpixels
 EncodeManager:             16 B (1:93452.8 ratio)
 EncodeManager:   Tight:
 EncodeManager:     Solid: 766.445 krects, 3.0168 Gpixels
 EncodeManager:            11.695 MiB (1:984.774 ratio)
 EncodeManager:     Bitmap RLE: 23.299 krects, 14.5042 Mpixels
 EncodeManager:                 784.76 KiB (1:72.5447 ratio)
 EncodeManager:     Indexed RLE: 364.01 krects, 6.31208 Gpixels
 EncodeManager:                  780.501 MiB (1:30.8556 ratio)
 EncodeManager:   Tight (JPEG):
 EncodeManager:     Full Colour: 855.155 krects, 13.9633 Gpixels
 EncodeManager:                  3.7087 GiB (1:14.0284 ratio)
 EncodeManager:   Total: 2.00891 Mrects, 23.3071 Gpixels
 EncodeManager:          4.48307 GiB (1:19.3724 ratio)
 ComparingUpdateTracker: 2.37619 Gpixels in / 2.92063 Gpixels out
 ComparingUpdateTracker: (1:0.813588 ratio)
xfce4-session: Fatal IO error 11 (Resource temporarily unavailable) on X server :2.
xfwm4: Fatal IO error 11 (Resource temporarily unavailable) on X server :2.0.
xfdesktop: Fatal IO error 11 (Resource temporarily unavailable) on X server :2.0.
xfsettingsd: Fatal IO error 11 (Resource temporarily unavailable) on X server :2.0.
wrapper-1.0: Fatal IO error 11 (Resource temporarily unavailable) on X server :2.0.
wrapper-1.0: Fatal IO error 11 (Resource temporarily unavailable) on X server :2.0.
gpg-agent[30215]: can't connect my own socket: IPC connect call failed
gpg-agent[30215]: this process is useless - shutting down
gpg-agent[30215]: gpg-agent (GnuPG) 2.1.11 stopped
