
Xvnc TigerVNC 1.8.0 - built May 16 2017 14:01:59
Copyright (C) 1999-2017 TigerVNC Team and many others (see README.txt)
See http://www.tigervnc.org for information on TigerVNC.
Underlying X server release 11400000, The X.Org Foundation

Initializing built-in extension VNC-EXTENSION
Initializing built-in extension Generic Event Extension
Initializing built-in extension SHAPE
Initializing built-in extension MIT-SHM
Initializing built-in extension XInputExtension
Initializing built-in extension XTEST
Initializing built-in extension BIG-REQUESTS
Initializing built-in extension SYNC
Initializing built-in extension XKEYBOARD
Initializing built-in extension XC-MISC
Initializing built-in extension XINERAMA
Initializing built-in extension XFIXES
Initializing built-in extension RENDER
Initializing built-in extension RANDR
Initializing built-in extension COMPOSITE
Initializing built-in extension DAMAGE
Initializing built-in extension MIT-SCREEN-SAVER
Initializing built-in extension DOUBLE-BUFFER
Initializing built-in extension RECORD
Initializing built-in extension DPMS
Initializing built-in extension X-Resource
Initializing built-in extension XVideo
Initializing built-in extension XVideo-MotionCompensation
Initializing built-in extension GLX

Tue Sep 14 19:06:31 2021
 vncext:      VNC extension running!
 vncext:      Listening for VNC connections on all interface(s), port 5906
 vncext:      created VNC server for screen 0
/usr/bin/startxfce4: X server already running on display :6
gpg-agent[31432]: WARNING: "--write-env-file" is an obsolete option - it has no effect
gpg-agent[31433]: gpg-agent (GnuPG) 2.1.11 started

(xfce4-session:31403): xfce4-session-WARNING **: gpg-agent returned no PID in the variables

(xfce4-session:31403): xfce4-session-WARNING **: xfsm_manager_load_session: Something wrong with /mnt/data2/students/sub1/ddd_v1_w_MKPW_660291/asn500272_4/asn500273_1/work/.cache/sessions/xfce4-session-ip-172-31-20-64:6, Does it exist? Permissions issue?

(xfwm4:31435): xfwm4-WARNING **: Error opening /dev/dri/card0: No such file or directory

Tue Sep 14 19:06:39 2021
 Connections: accepted: 172.31.20.64::58054
 SConnection: Client needs protocol version 3.8
 SConnection: Client requests security type None(1)
 VNCSConnST:  Server default pixel format depth 24 (32bpp) little-endian rgb888

Tue Sep 14 19:06:40 2021
 VNCSConnST:  Client pixel format depth 24 (32bpp) little-endian rgb888
 ComparingUpdateTracker: 0 pixels in / 0 pixels out
 ComparingUpdateTracker: (1:-nan ratio)

Tue Sep 14 19:47:44 2021
 Connections: closed: 172.31.20.64::58054 (Clean disconnection)
 EncodeManager: Framebuffer updates: 10178
 EncodeManager:   CopyRect:
 EncodeManager:     Copies: 109 rects, 3.75632 Mpixels
 EncodeManager:             1.70312 KiB (1:8616.15 ratio)
 EncodeManager:   Tight:
 EncodeManager:     Solid: 12.734 krects, 37.5979 Mpixels
 EncodeManager:            198.969 KiB (1:738.891 ratio)
 EncodeManager:     Bitmap RLE: 2.19 krects, 1.00952 Mpixels
 EncodeManager:                 66.5615 KiB (1:59.6306 ratio)
 EncodeManager:     Indexed RLE: 12.691 krects, 6.8878 Mpixels
 EncodeManager:                  1.2981 MiB (1:20.3529 ratio)
 EncodeManager:   Tight (JPEG):
 EncodeManager:     Full Colour: 33.51 krects, 1.40931 Gpixels
 EncodeManager:                  366.486 MiB (1:14.6703 ratio)
 EncodeManager:   Total: 61.234 krects, 1.45856 Gpixels
 EncodeManager:          368.045 MiB (1:15.1195 ratio)
 ComparingUpdateTracker: 3.76297 Gpixels in / 3.12094 Gpixels out
 ComparingUpdateTracker: (1:1.20572 ratio)
gpg-agent[31433]: can't connect my own socket: IPC connect call failed
gpg-agent[31433]: this process is useless - shutting down
gpg-agent[31433]: gpg-agent (GnuPG) 2.1.11 stopped
xfce4-session: Fatal IO error 11 (Resource temporarily unavailable) on X server :6.
xfwm4: Fatal IO error 11 (Resource temporarily unavailable) on X server :6.0.
xfsettingsd: Fatal IO error 11 (Resource temporarily unavailable) on X server :6.0.
xfdesktop: Fatal IO error 11 (Resource temporarily unavailable) on X server :6.0.
wrapper-1.0: Fatal IO error 11 (Resource temporarily unavailable) on X server :6.0.
wrapper-1.0: Fatal IO error 11 (Resource temporarily unavailable) on X server :6.0.
