
Xvnc TigerVNC 1.8.0 - built May 16 2017 14:01:59
Copyright (C) 1999-2017 TigerVNC Team and many others (see README.txt)
See http://www.tigervnc.org for information on TigerVNC.
Underlying X server release 11400000, The X.Org Foundation

Initializing built-in extension VNC-EXTENSION
Initializing built-in extension Generic Event Extension
Initializing built-in extension SHAPE
Initializing built-in extension MIT-SHM
Initializing built-in extension XInputExtension
Initializing built-in extension XTEST
Initializing built-in extension BIG-REQUESTS
Initializing built-in extension SYNC
Initializing built-in extension XKEYBOARD
Initializing built-in extension XC-MISC
Initializing built-in extension XINERAMA
Initializing built-in extension XFIXES
Initializing built-in extension RENDER
Initializing built-in extension RANDR
Initializing built-in extension COMPOSITE
Initializing built-in extension DAMAGE
Initializing built-in extension MIT-SCREEN-SAVER
Initializing built-in extension DOUBLE-BUFFER
Initializing built-in extension RECORD
Initializing built-in extension DPMS
Initializing built-in extension X-Resource
Initializing built-in extension XVideo
Initializing built-in extension XVideo-MotionCompensation
Initializing built-in extension GLX

Mon Sep 13 22:07:15 2021
 vncext:      VNC extension running!
 vncext:      Listening for VNC connections on all interface(s), port 5905
 vncext:      created VNC server for screen 0
/usr/bin/startxfce4: X server already running on display :5
gpg-agent[12070]: WARNING: "--write-env-file" is an obsolete option - it has no effect
gpg-agent[12071]: gpg-agent (GnuPG) 2.1.11 started

(xfce4-session:12039): xfce4-session-WARNING **: gpg-agent returned no PID in the variables

(xfce4-session:12039): xfce4-session-WARNING **: xfsm_manager_load_session: Something wrong with /mnt/data2/students/sub1/ddd_v1_w_MKPW_660291/asn500272_4/asn500273_1/work/.cache/sessions/xfce4-session-ip-172-31-21-230:5, Does it exist? Permissions issue?

(xfwm4:12073): xfwm4-WARNING **: Error opening /dev/dri/card0: No such file or directory

Mon Sep 13 22:07:51 2021
 Connections: accepted: 172.31.21.230::41754
 SConnection: Client needs protocol version 3.8
 SConnection: Client requests security type None(1)
 VNCSConnST:  Server default pixel format depth 24 (32bpp) little-endian rgb888
 VNCSConnST:  Client pixel format depth 24 (32bpp) little-endian rgb888
 ComparingUpdateTracker: 0 pixels in / 0 pixels out
 ComparingUpdateTracker: (1:-nan ratio)

Mon Sep 13 22:15:02 2021
 Connections: closed: 172.31.21.230::41754 (Clean disconnection)
 EncodeManager: Framebuffer updates: 1447
 EncodeManager:   CopyRect:
 EncodeManager:     Copies: 8 rects, 229.136 kpixels
 EncodeManager:             128 B (1:7161.25 ratio)
 EncodeManager:   Tight:
 EncodeManager:     Solid: 1.906 krects, 7.66205 Mpixels
 EncodeManager:            29.7812 KiB (1:1005.74 ratio)
 EncodeManager:     Bitmap RLE: 463 rects, 125.751 kpixels
 EncodeManager:                 13.8799 KiB (1:35.7813 ratio)
 EncodeManager:     Indexed RLE: 2.183 krects, 1.30537 Mpixels
 EncodeManager:                  213.467 KiB (1:24.0069 ratio)
 EncodeManager:   Tight (JPEG):
 EncodeManager:     Full Colour: 563 rects, 3.83035 Mpixels
 EncodeManager:                  1.20217 MiB (1:12.1597 ratio)
 EncodeManager:   Total: 5.123 krects, 13.1527 Mpixels
 EncodeManager:          1.45339 MiB (1:34.5618 ratio)
 ComparingUpdateTracker: 123.85 Mpixels in / 12.8465 Mpixels out
 ComparingUpdateTracker: (1:9.64074 ratio)

Mon Sep 13 22:28:46 2021
 Connections: accepted: 172.31.21.230::44718

Mon Sep 13 22:28:47 2021
 SConnection: Client needs protocol version 3.8
 SConnection: Client requests security type None(1)
 VNCSConnST:  Server default pixel format depth 24 (32bpp) little-endian rgb888
 VNCSConnST:  Client pixel format depth 24 (32bpp) little-endian rgb888

Mon Sep 13 23:24:41 2021
 Connections: closed: 172.31.21.230::44718 (Clean disconnection)
 EncodeManager: Framebuffer updates: 24694
 EncodeManager:   CopyRect:
 EncodeManager:     Copies: 45 rects, 2.05447 Mpixels
 EncodeManager:             720 B (1:11414.5 ratio)
 EncodeManager:   Tight:
 EncodeManager:     Solid: 107.487 krects, 367.62 Mpixels
 EncodeManager:            1.64012 MiB (1:855.783 ratio)
 EncodeManager:     Bitmap RLE: 1.573 krects, 606.218 kpixels
 EncodeManager:                 48.5039 KiB (1:49.2017 ratio)
 EncodeManager:     Indexed RLE: 141.171 krects, 3.09162 Gpixels
 EncodeManager:                  441.491 MiB (1:26.7168 ratio)
 EncodeManager:   Tight (JPEG):
 EncodeManager:     Full Colour: 98.985 krects, 4.37667 Gpixels
 EncodeManager:                  1.54491 GiB (1:10.5543 ratio)
 EncodeManager:   Total: 349.261 krects, 7.83857 Gpixels
 EncodeManager:          1.9777 GiB (1:14.7671 ratio)
 ComparingUpdateTracker: 1.93183 Gpixels in / 22.5447 Mpixels out
 ComparingUpdateTracker: (1:85.6888 ratio)
xfce4-session: Fatal IO error 11 (Resource temporarily unavailable) on X server :5.
xfwm4: Fatal IO error 11 (Resource temporarily unavailable) on X server :5.0.
xfsettingsd: Fatal IO error 11 (Resource temporarily unavailable) on X server :5.0.
xfdesktop: Fatal IO error 11 (Resource temporarily unavailable) on X server :5.0.
wrapper-1.0: Fatal IO error 11 (Resource temporarily unavailable) on X server :5.0.
wrapper-1.0: Fatal IO error 11 (Resource temporarily unavailable) on X server :5.0.
