perceive 1
met 1
orders 1
violently 1
solid 1
interrupted 1
fourth 1
an 1
producing 1
my 1
part 1
borne 1
ceased 1
even 1
stir 1
whenever 1
pile 1
waist 1
remarkably 1
earliest 1
lay 1
whither 1
fifth 1
soon 1
montresors 1
moment 1
hesitated 1
time 1
adopted 1
interval 1
might 1
winding 1
began 1
draught 1
doubt 1
done 1
impune 1
flame 1
resumed 1
descended 1
single 1
length 1
life 1
mould 1
impossible 1
retribution 1
prided 1
appeared 1
stood 1
staples 1
silly 1
uplifting 1
folds 1
bursting 1
return 1
satisfy 1
unneccessarily-but 1
catacombs 1
once 1
only 1
links 1
impatient 1
suites 1
few 1
mound 1
said 1
are 1
observe 1
medoc 1
precluded 1
cannot 1
he!-he 1
position 1
all 1
imbedded 1
bargain 1
warm 1
fails 1
suit 1
ha 1
colossal 1
trowel 1
heavily 1
a 1
down 1
alarming 1
thrust 1
niche 1
deep 1
you 1
low 1
called 1
help 1
vintages 1
so 1
was 1
cough 1
black 1
drinking 1
nothing 1
together 1
made 1
joke 1
vowed 1
interruption 1
noise 1
arms 1
progress 1
hurry 1
portion 1
seemed 1
with 1
sufficient 1
countrymen 1
circumscribing 1
tell 1
throat 1
face 1
brotherhood 1
thought 1
middle 1
settled-but 1
unsheathing 1
eyes 1
montresor 1
our 1
bought 1
engagement;-come 1
rheum 1
amontillado 1
nitre 1
level 1
screams 1
to 1
missed 1
make 1
recoiling 1
proceeded 1
encountered 1
when 1
kill 1
given 1
must 1
skeletons 1
end 1
descending 1
madness 1
poe 1
midnight 1
forget 1
found 1
first 1
here 1
avenger 1
astounded 1
for 1
second 1
explicit 1
redresser 1
manner 1
range 1
thrown 1
most 1
yes 1
leaned 1
lined 1
very 1
cause 1
imposed 1
overhead 1
feeling 1
morning 1
recesses 1
pace 1
serpent 1
conical 1
off 1
feet 1
distilled 1
great 1
grotesque 1
dear 1
measure 1
austrian 1
cask 1
damps 1
pleased 1
buried 1
laughed 1
labours 1
short 1
caused 1
respect 1
earth 1
practice 1
descent 1
giving 1
strode 1
half 1
clamourer 1
suppose 1
friend 1
precious 1
enable 1
weak 1
impunity 1
possessed 1
heel 1
go 1
ignoramus 1
honour 1
inmost 1
price 1
paces 1
above 1
head 1
supreme 1
italian 1
asked 1
plastered 1
forth 1
know 1
side 1
grope 1
field 1
aided 1
wine-he 1
remained 1
took 1
casks 1
fabric 1
as 1
mask 1
encrusted 1
herein 1
rest 1
without 1
italians 1
movement-a 1
let 1
the 1
seventh 1
three 1
luchresi 1
consulting 1
well 1
instant 1
they 1
chained 1
damp 1
beloved 1
understand 1
materials 1
recognizing 1
allan 1
replacing 1
puncheons 1
fortunato-although 1
dull 1
supports 1
ill 1
until 1
edgar 1
familiarly 1
insufferably 1
struggled 1
perceived 1
key 1
drawing 1
forced 1
below 1
am 1
cold 1
other 1
within 1
roof 1
sixth 1
on 1
been 1
mortal 1
size 1
remains 1
ornamented 1
many 1
gleams 1
fettered 1
finding 1
astonishment 1
came 1
wall 1
eleventh 1
wont 1
still 1
impose 1
holding 1
requiescat 1
ninth 1
tool 1
flambeaux 1
motley 1
row 1
requesting 1
responsible 1
much 1
led 1
himself 1
and 1
than 1
hearkened 1
mere 1
foot 1
satisfaction 1
we 1
punish 1
home 1
however 1
piled 1
die 1
respected 1
now 1
some 1
excessive 1
drew 1
six 1
loud 1
gave 1
dampness 1
exclaimed 1
followed 1
gesticulation 1
sign 1
would 1
task 1
do 1
staircase 1
height 1
neck 1
heart 1
succession 1
archway 1
resist 1
fancy 1
felt 1
warmth 1
them 1
several 1
two 1
de 1
gone 1
skilful 1
farther 1
out 1
fearful 1
fortunato 1
point-this 1
tenth 1
flacon 1
their 1
among 1
wore 1
building 1
resolved 1
bewildered 1
huge 1
immediately 1
eighth 1
formed 1
cautious 1
should 1
again 1
which 1
indeed 1
heels 1
presenting 1
utterance 1
moisture 1
use 1
ground 1
speaking 1
by 1
passes 1
re-erected 1
horizontally 1
positively 1
reached 1
enthusiasm 1
grew 1
long 1
form 1
way 1
nearly 1
during 1
told 1
defend 1
width 1
enough 1
moaning 1
severe 1
century 1
be 1
true 1
remote 1
rather 1
search 1
comprehend 1
surface 1
never 1
aside 1
finished 1
palazzo-he 1
no 1
deed 1
happy 1
close 1
but 1
differ 1
before 1
taste 1
render 1
remaining 1
revenge 1
iron 1
me 1
hearken 1
disturbed 1
excellent 1
he!-a 1
less 1
insure 1
depended 1
threat 1
regards 1
tight-fitting 1
seven 1
vain 1
stepped 1
painting 1
british 1
ejaculated 1
turn 1
us 1
partially 1
ugh 1
river's 1
implore 1
connoisseurship 1
laugh 1
volume 1
reapproached 1
between 1
pipe 1
luckily 1
good 1
spoken 1
quack 1
clamoured 1
forming 1
pay 1
padlock 1
minutes 1
late 1
subsided 1
succeeded 1
motto 1
sparkled 1
against 1
answered 1
intention 1
engagement 1
your 1
another 1
interior 1
him 1
dress 1
figure 1
tier 1
palazzo 1
virtuoso 1
engaged 1
accosted 1
hairs 1
voice 1
emptied 1
worn 1
bold 1
distinguish 1
bells 1
rock 1
continued 1
bottle 1
immolation 1
repeated 1
sides 1
nevertheless 1
leave 1
sherry 1
own 1
indeed-an 1
hand 1
rampart 1
cloak 1
wine 1
masons 1
pass 1
little 1
it 1
will 1
he!-over 1
difficulty 1
flashed 1
wines 1
rout 1
constructed 1
getting 1
jingling 1
raised 1
obstinate 1
stupidly 1
disappearance 1
indication 1
brief 1
any 1
extensive 1
filmy 1
sad 1
depth 1
from 1
looked 1
threw 1
azure 1
old 1
putting 1
rays 1
while 1
nodded 1
displacing 1
wrong 1
shall 1
had 1
then 1
clanking 1
mason-work 1
surpassed 1
family 1
work 1
point 1
erected 1
reechoed 1
distant 1
especial 1
yet 1
these 1
repose 1
god 1
feeble 1
extremity 1
were 1
into 1
there 1
attendants 1
light 1
numerous 1
ventured 1
nor 1
jingled 1
silence 1
vaults 1
new 1
reassured 1
person 1
itself 1
definitiveness 1
decision 1
passed 1
words 1
that 1
bowed 1
quantity 1
pry 1
he!-yes 1
such 1
how 1
vibration 1
have 1
vault 1
cry 1
poor 1
come 1
answer 1
breath 1
hastened 1
vigorously 1
fashion 1
sincere 1
entrance 1
drunken 1
broke 1
lacessit 1
is 1
labour 1
could 1
best 1
upwards 1
exposed 1
recovered 1
evening 1
like 1
arm 1
towards 1
shrill 1
myself 1
too 1
match 1
in 1
silk 1
termination 1
cavern 1
imposture 1
suffered 1
withdrawing 1
house 1
matter 1
looking 1
losing 1
avenged 1
leer 1
forward 1
equally 1
overtakes 1
man 1
last 1
web-work 1
mortar 1
paused 1
noble 1
masonry 1
him-``my 1
rampant 1
i 1
arrested 1
attentions 1
fall 1
third 1
seize 1
ere 1
recess 1
love 1
sconces 1
idea 1
scarcely 1
rooms 1
spirit 1
critical 1
each 1
nemo 1
unsteady 1
awaiting 1
beneath 1
insult 1
its 1
closely 1
uncovered 1
granite 1
definitively 1
received 1
at 1
up 1
discovered 1
fellows 1
thousand 1
mason 1
four 1
about 1
paris 1
wringing 1
doubts 1
grave 1
trembled 1
dusk 1
satisfied 1
human 1
glow 1
intoxication 1
unsteadily 1
caution 1
admired 1
see 1
hangs 1
aperture 1
bed 1
replied 1
surprise 1
lasted 1
weight 1
merely 1
foulness 1
white 1
sat 1
breast 1
materially;-i 1
soul 1
crypt 1
over 1
largely 1
strength 1
trickle 1
who 1
afflicted 1
gemmary 1
elbow 1
did 1
carnival 1
walls 1
unredressed 1
reply 1
yells 1
palazzo-the 1
not 1
to-day 1
fools 1
opportunity 1
promiscuously 1
drops 1
lips 1
furious 1
feared 1
or 1
absconded 1
whose 1
true-true 1
ha!-he 1
arrived 1
aid 1
parti-striped 1
torch 1
besides 1
fitted 1
neither 1
lady 1
merry 1
cap 1
his 1
word 1
this 1
backed 1
smile 1
throwing 1
orbs 1
around 1
gait 1
sick 1
stone 1
bones 1
aloud 1
thus 1
turned 1
drink 1
fierce 1
millionaires 1
roquelaire 1
back 1
more 1
heard 1
secure 1
understood 1
one 1
what 1
arches 1
rapier 1
knocked 1
power 1
fangs 1
through 1
air 1
proper 1
d'or 1
jest 1
upon 1
of 1
season 1
surmounted 1
injuries 1
destined 1
crushes 1
if 1
knew 1
suddenly 1
increases 1
ugh!-ugh 1
immediate 1
proceed 1
moss 1
full 1
risk 1
spacious 1
placed 1
rich 1
intermingling 1
nature 1
chain 1
he 1
health 1
laid 1
has 1
completed 1
endeavoured 1
offering 1
busied 1
seconds 1
